[26-Aug-2017 16:55:11 Asia/Tokyo] PHP Fatal error:  Class 'App\Http\Controllers\Task' not found in /home/ubuntu/workspace/tasklist/app/Http/Controllers/TasksController.php on line 21
[26-Aug-2017 16:55:11 Asia/Tokyo] PHP Stack trace:
[26-Aug-2017 16:55:11 Asia/Tokyo] PHP   1. {main}() /home/ubuntu/workspace/tasklist/server.php:0
[26-Aug-2017 16:55:11 Asia/Tokyo] PHP   2. require_once() /home/ubuntu/workspace/tasklist/server.php:21
[26-Aug-2017 16:55:11 Asia/Tokyo] PHP   3. Illuminate\Foundation\Http\Kernel->handle() /home/ubuntu/workspace/tasklist/public/index.php:54
[26-Aug-2017 16:55:11 Asia/Tokyo] PHP   4. Illuminate\Foundation\Http\Kernel->sendRequestThroughRouter() /home/ubuntu/workspace/tasklist/vendor/laravel/framework/src/Illuminate/Foundation/Http/Kernel.php:87
[26-Aug-2017 16:55:11 Asia/Tokyo] PHP   5. Illuminate\Pipeline\Pipeline->then() /home/ubuntu/workspace/tasklist/vendor/laravel/framework/src/Illuminate/Foundation/Http/Kernel.php:122
[26-Aug-2017 16:55:11 Asia/Tokyo] PHP   6. call_user_func:{/home/ubuntu/workspace/tasklist/vendor/laravel/framework/src/Illuminate/Pipeline/Pipeline.php:103}() /home/ubuntu/workspace/tasklist/vendor/laravel/framework/src/Illuminate/Pipeline/Pipeline.php:103
[26-Aug-2017 16:55:11 Asia/Tokyo] PHP   7. Illuminate\Pipeline\Pipeline->Illuminate\Pipeline\{closure}() /home/ubuntu/workspace/tasklist/vendor/laravel/framework/src/Illuminate/Pipeline/Pipeline.php:103
[26-Aug-2017 16:55:11 Asia/Tokyo] PHP   8. call_user_func_array:{/home/ubuntu/workspace/tasklist/vendor/laravel/framework/src/Illuminate/Pipeline/Pipeline.php:124}() /home/ubuntu/workspace/tasklist/vendor/laravel/framework/src/Illuminate/Pipeline/Pipeline.php:124
[26-Aug-2017 16:55:11 Asia/Tokyo] PHP   9. Illuminate\Foundation\Http\Middleware\CheckForMaintenanceMode->handle() /home/ubuntu/workspace/tasklist/vendor/laravel/framework/src/Illuminate/Pipeline/Pipeline.php:124
[26-Aug-2017 16:55:11 Asia/Tokyo] PHP  10. Illuminate\Pipeline\Pipeline->Illuminate\Pipeline\{closure}() /home/ubuntu/workspace/tasklist/vendor/laravel/framework/src/Illuminate/Foundation/Http/Middleware/CheckForMaintenanceMode.php:44
[26-Aug-2017 16:55:11 Asia/Tokyo] PHP  11. call_user_func_array:{/home/ubuntu/workspace/tasklist/vendor/laravel/framework/src/Illuminate/Pipeline/Pipeline.php:124}() /home/ubuntu/workspace/tasklist/vendor/laravel/framework/src/Illuminate/Pipeline/Pipeline.php:124
[26-Aug-2017 16:55:11 Asia/Tokyo] PHP  12. Illuminate\Cookie\Middleware\EncryptCookies->handle() /home/ubuntu/workspace/tasklist/vendor/laravel/framework/src/Illuminate/Pipeline/Pipeline.php:124
[26-Aug-2017 16:55:11 Asia/Tokyo] PHP  13. Illuminate\Pipeline\Pipeline->Illuminate\Pipeline\{closure}() /home/ubuntu/workspace/tasklist/vendor/laravel/framework/src/Illuminate/Cookie/Middleware/EncryptCookies.php:59
[26-Aug-2017 16:55:11 Asia/Tokyo] PHP  14. call_user_func_array:{/home/ubuntu/workspace/tasklist/vendor/laravel/framework/src/Illuminate/Pipeline/Pipeline.php:124}() /home/ubuntu/workspace/tasklist/vendor/laravel/framework/src/Illuminate/Pipeline/Pipeline.php:124
[26-Aug-2017 16:55:11 Asia/Tokyo] PHP  15. Illuminate\Cookie\Middleware\AddQueuedCookiesToResponse->handle() /home/ubuntu/workspace/tasklist/vendor/laravel/framework/src/Illuminate/Pipeline/Pipeline.php:124
[26-Aug-2017 16:55:11 Asia/Tokyo] PHP  16. Illuminate\Pipeline\Pipeline->Illuminate\Pipeline\{closure}() /home/ubuntu/workspace/tasklist/vendor/laravel/framework/src/Illuminate/Cookie/Middleware/AddQueuedCookiesToResponse.php:37
[26-Aug-2017 16:55:11 Asia/Tokyo] PHP  17. call_user_func_array:{/home/ubuntu/workspace/tasklist/vendor/laravel/framework/src/Illuminate/Pipeline/Pipeline.php:124}() /home/ubuntu/workspace/tasklist/vendor/laravel/framework/src/Illuminate/Pipeline/Pipeline.php:124
[26-Aug-2017 16:55:11 Asia/Tokyo] PHP  18. Illuminate\Session\Middleware\StartSession->handle() /home/ubuntu/workspace/tasklist/vendor/laravel/framework/src/Illuminate/Pipeline/Pipeline.php:124
[26-Aug-2017 16:55:11 Asia/Tokyo] PHP  19. Illuminate\Pipeline\Pipeline->Illuminate\Pipeline\{closure}() /home/ubuntu/workspace/tasklist/vendor/laravel/framework/src/Illuminate/Session/Middleware/StartSession.php:62
[26-Aug-2017 16:55:11 Asia/Tokyo] PHP  20. call_user_func_array:{/home/ubuntu/workspace/tasklist/vendor/laravel/framework/src/Illuminate/Pipeline/Pipeline.php:124}() /home/ubuntu/workspace/tasklist/vendor/laravel/framework/src/Illuminate/Pipeline/Pipeline.php:124
[26-Aug-2017 16:55:11 Asia/Tokyo] PHP  21. Illuminate\View\Middleware\ShareErrorsFromSession->handle() /home/ubuntu/workspace/tasklist/vendor/laravel/framework/src/Illuminate/Pipeline/Pipeline.php:124
[26-Aug-2017 16:55:11 Asia/Tokyo] PHP  22. Illuminate\Pipeline\Pipeline->Illuminate\Pipeline\{closure}() /home/ubuntu/workspace/tasklist/vendor/laravel/framework/src/Illuminate/View/Middleware/ShareErrorsFromSession.php:49
[26-Aug-2017 16:55:11 Asia/Tokyo] PHP  23. call_user_func_array:{/home/ubuntu/workspace/tasklist/vendor/laravel/framework/src/Illuminate/Pipeline/Pipeline.php:124}() /home/ubuntu/workspace/tasklist/vendor/laravel/framework/src/Illuminate/Pipeline/Pipeline.php:124
[26-Aug-2017 16:55:11 Asia/Tokyo] PHP  24. Illuminate\Foundation\Http\Middleware\VerifyCsrfToken->handle() /home/ubuntu/workspace/tasklist/vendor/laravel/framework/src/Illuminate/Pipeline/Pipeline.php:124
[26-Aug-2017 16:55:11 Asia/Tokyo] PHP  25. Illuminate\Pipeline\Pipeline->Illuminate\Pipeline\{closure}() /home/ubuntu/workspace/tasklist/vendor/laravel/framework/src/Illuminate/Foundation/Http/Middleware/VerifyCsrfToken.php:50
[26-Aug-2017 16:55:11 Asia/Tokyo] PHP  26. call_user_func:{/home/ubuntu/workspace/tasklist/vendor/laravel/framework/src/Illuminate/Pipeline/Pipeline.php:139}() /home/ubuntu/workspace/tasklist/vendor/laravel/framework/src/Illuminate/Pipeline/Pipeline.php:139
[26-Aug-2017 16:55:11 Asia/Tokyo] PHP  27. Illuminate\Foundation\Http\Kernel->Illuminate\Foundation\Http\{closure}() /home/ubuntu/workspace/tasklist/vendor/laravel/framework/src/Illuminate/Pipeline/Pipeline.php:139
[26-Aug-2017 16:55:11 Asia/Tokyo] PHP  28. Illuminate\Routing\Router->dispatch() /home/ubuntu/workspace/tasklist/vendor/laravel/framework/src/Illuminate/Foundation/Http/Kernel.php:236
[26-Aug-2017 16:55:11 Asia/Tokyo] PHP  29. Illuminate\Routing\Router->dispatchToRoute() /home/ubuntu/workspace/tasklist/vendor/laravel/framework/src/Illuminate/Routing/Router.php:635
[26-Aug-2017 16:55:11 Asia/Tokyo] PHP  30. Illuminate\Routing\Router->runRouteWithinStack() /home/ubuntu/workspace/tasklist/vendor/laravel/framework/src/Illuminate/Routing/Router.php:675
[26-Aug-2017 16:55:11 Asia/Tokyo] PHP  31. Illuminate\Pipeline\Pipeline->then() /home/ubuntu/workspace/tasklist/vendor/laravel/framework/src/Illuminate/Routing/Router.php:710
[26-Aug-2017 16:55:11 Asia/Tokyo] PHP  32. call_user_func:{/home/ubuntu/workspace/tasklist/vendor/laravel/framework/src/Illuminate/Pipeline/Pipeline.php:103}() /home/ubuntu/workspace/tasklist/vendor/laravel/framework/src/Illuminate/Pipeline/Pipeline.php:103
[26-Aug-2017 16:55:11 Asia/Tokyo] PHP  33. Illuminate\Pipeline\Pipeline->Illuminate\Pipeline\{closure}() /home/ubuntu/workspace/tasklist/vendor/laravel/framework/src/Illuminate/Pipeline/Pipeline.php:103
[26-Aug-2017 16:55:11 Asia/Tokyo] PHP  34. call_user_func:{/home/ubuntu/workspace/tasklist/vendor/laravel/framework/src/Illuminate/Pipeline/Pipeline.php:139}() /home/ubuntu/workspace/tasklist/vendor/laravel/framework/src/Illuminate/Pipeline/Pipeline.php:139
[26-Aug-2017 16:55:11 Asia/Tokyo] PHP  35. Illuminate\Routing\Router->Illuminate\Routing\{closure}() /home/ubuntu/workspace/tasklist/vendor/laravel/framework/src/Illuminate/Pipeline/Pipeline.php:139
[26-Aug-2017 16:55:11 Asia/Tokyo] PHP  36. Illuminate\Routing\Route->run() /home/ubuntu/workspace/tasklist/vendor/laravel/framework/src/Illuminate/Routing/Router.php:708
[26-Aug-2017 16:55:11 Asia/Tokyo] PHP  37. Illuminate\Routing\Route->runWithCustomDispatcher() /home/ubuntu/workspace/tasklist/vendor/laravel/framework/src/Illuminate/Routing/Route.php:134
[26-Aug-2017 16:55:11 Asia/Tokyo] PHP  38. Illuminate\Routing\ControllerDispatcher->dispatch() /home/ubuntu/workspace/tasklist/vendor/laravel/framework/src/Illuminate/Routing/Route.php:203
[26-Aug-2017 16:55:11 Asia/Tokyo] PHP  39. Illuminate\Routing\ControllerDispatcher->callWithinStack() /home/ubuntu/workspace/tasklist/vendor/laravel/framework/src/Illuminate/Routing/ControllerDispatcher.php:69
[26-Aug-2017 16:55:11 Asia/Tokyo] PHP  40. Illuminate\Pipeline\Pipeline->then() /home/ubuntu/workspace/tasklist/vendor/laravel/framework/src/Illuminate/Routing/ControllerDispatcher.php:114
[26-Aug-2017 16:55:11 Asia/Tokyo] PHP  41. call_user_func:{/home/ubuntu/workspace/tasklist/vendor/laravel/framework/src/Illuminate/Pipeline/Pipeline.php:103}() /home/ubuntu/workspace/tasklist/vendor/laravel/framework/src/Illuminate/Pipeline/Pipeline.php:103
[26-Aug-2017 16:55:11 Asia/Tokyo] PHP  42. Illuminate\Pipeline\Pipeline->Illuminate\Pipeline\{closure}() /home/ubuntu/workspace/tasklist/vendor/laravel/framework/src/Illuminate/Pipeline/Pipeline.php:103
[26-Aug-2017 16:55:11 Asia/Tokyo] PHP  43. call_user_func:{/home/ubuntu/workspace/tasklist/vendor/laravel/framework/src/Illuminate/Pipeline/Pipeline.php:139}() /home/ubuntu/workspace/tasklist/vendor/laravel/framework/src/Illuminate/Pipeline/Pipeline.php:139
[26-Aug-2017 16:55:11 Asia/Tokyo] PHP  44. Illuminate\Routing\ControllerDispatcher->Illuminate\Routing\{closure}() /home/ubuntu/workspace/tasklist/vendor/laravel/framework/src/Illuminate/Pipeline/Pipeline.php:139
[26-Aug-2017 16:55:11 Asia/Tokyo] PHP  45. Illuminate\Routing\ControllerDispatcher->call() /home/ubuntu/workspace/tasklist/vendor/laravel/framework/src/Illuminate/Routing/ControllerDispatcher.php:112
[26-Aug-2017 16:55:11 Asia/Tokyo] PHP  46. Illuminate\Routing\Controller->callAction() /home/ubuntu/workspace/tasklist/vendor/laravel/framework/src/Illuminate/Routing/ControllerDispatcher.php:164
[26-Aug-2017 16:55:11 Asia/Tokyo] PHP  47. call_user_func_array:{/home/ubuntu/workspace/tasklist/vendor/laravel/framework/src/Illuminate/Routing/Controller.php:256}() /home/ubuntu/workspace/tasklist/vendor/laravel/framework/src/Illuminate/Routing/Controller.php:256
[26-Aug-2017 16:55:11 Asia/Tokyo] PHP  48. App\Http\Controllers\TasksController->index() /home/ubuntu/workspace/tasklist/vendor/laravel/framework/src/Illuminate/Routing/Controller.php:256
[26-Aug-2017 17:07:43 Asia/Tokyo] PHP Fatal error:  Class 'App\Http\Controllers\App\Task' not found in /home/ubuntu/workspace/tasklist/app/Http/Controllers/TasksController.php on line 126
[26-Aug-2017 17:07:43 Asia/Tokyo] PHP Stack trace:
[26-Aug-2017 17:07:43 Asia/Tokyo] PHP   1. {main}() /home/ubuntu/workspace/tasklist/server.php:0
[26-Aug-2017 17:07:43 Asia/Tokyo] PHP   2. require_once() /home/ubuntu/workspace/tasklist/server.php:21
[26-Aug-2017 17:07:43 Asia/Tokyo] PHP   3. Illuminate\Foundation\Http\Kernel->handle() /home/ubuntu/workspace/tasklist/public/index.php:54
[26-Aug-2017 17:07:43 Asia/Tokyo] PHP   4. Illuminate\Foundation\Http\Kernel->sendRequestThroughRouter() /home/ubuntu/workspace/tasklist/vendor/laravel/framework/src/Illuminate/Foundation/Http/Kernel.php:87
[26-Aug-2017 17:07:43 Asia/Tokyo] PHP   5. Illuminate\Pipeline\Pipeline->then() /home/ubuntu/workspace/tasklist/vendor/laravel/framework/src/Illuminate/Foundation/Http/Kernel.php:122
[26-Aug-2017 17:07:43 Asia/Tokyo] PHP   6. call_user_func:{/home/ubuntu/workspace/tasklist/vendor/laravel/framework/src/Illuminate/Pipeline/Pipeline.php:103}() /home/ubuntu/workspace/tasklist/vendor/laravel/framework/src/Illuminate/Pipeline/Pipeline.php:103
[26-Aug-2017 17:07:43 Asia/Tokyo] PHP   7. Illuminate\Pipeline\Pipeline->Illuminate\Pipeline\{closure}() /home/ubuntu/workspace/tasklist/vendor/laravel/framework/src/Illuminate/Pipeline/Pipeline.php:103
[26-Aug-2017 17:07:43 Asia/Tokyo] PHP   8. call_user_func_array:{/home/ubuntu/workspace/tasklist/vendor/laravel/framework/src/Illuminate/Pipeline/Pipeline.php:124}() /home/ubuntu/workspace/tasklist/vendor/laravel/framework/src/Illuminate/Pipeline/Pipeline.php:124
[26-Aug-2017 17:07:43 Asia/Tokyo] PHP   9. Illuminate\Foundation\Http\Middleware\CheckForMaintenanceMode->handle() /home/ubuntu/workspace/tasklist/vendor/laravel/framework/src/Illuminate/Pipeline/Pipeline.php:124
[26-Aug-2017 17:07:43 Asia/Tokyo] PHP  10. Illuminate\Pipeline\Pipeline->Illuminate\Pipeline\{closure}() /home/ubuntu/workspace/tasklist/vendor/laravel/framework/src/Illuminate/Foundation/Http/Middleware/CheckForMaintenanceMode.php:44
[26-Aug-2017 17:07:43 Asia/Tokyo] PHP  11. call_user_func_array:{/home/ubuntu/workspace/tasklist/vendor/laravel/framework/src/Illuminate/Pipeline/Pipeline.php:124}() /home/ubuntu/workspace/tasklist/vendor/laravel/framework/src/Illuminate/Pipeline/Pipeline.php:124
[26-Aug-2017 17:07:43 Asia/Tokyo] PHP  12. Illuminate\Cookie\Middleware\EncryptCookies->handle() /home/ubuntu/workspace/tasklist/vendor/laravel/framework/src/Illuminate/Pipeline/Pipeline.php:124
[26-Aug-2017 17:07:43 Asia/Tokyo] PHP  13. Illuminate\Pipeline\Pipeline->Illuminate\Pipeline\{closure}() /home/ubuntu/workspace/tasklist/vendor/laravel/framework/src/Illuminate/Cookie/Middleware/EncryptCookies.php:59
[26-Aug-2017 17:07:43 Asia/Tokyo] PHP  14. call_user_func_array:{/home/ubuntu/workspace/tasklist/vendor/laravel/framework/src/Illuminate/Pipeline/Pipeline.php:124}() /home/ubuntu/workspace/tasklist/vendor/laravel/framework/src/Illuminate/Pipeline/Pipeline.php:124
[26-Aug-2017 17:07:43 Asia/Tokyo] PHP  15. Illuminate\Cookie\Middleware\AddQueuedCookiesToResponse->handle() /home/ubuntu/workspace/tasklist/vendor/laravel/framework/src/Illuminate/Pipeline/Pipeline.php:124
[26-Aug-2017 17:07:43 Asia/Tokyo] PHP  16. Illuminate\Pipeline\Pipeline->Illuminate\Pipeline\{closure}() /home/ubuntu/workspace/tasklist/vendor/laravel/framework/src/Illuminate/Cookie/Middleware/AddQueuedCookiesToResponse.php:37
[26-Aug-2017 17:07:43 Asia/Tokyo] PHP  17. call_user_func_array:{/home/ubuntu/workspace/tasklist/vendor/laravel/framework/src/Illuminate/Pipeline/Pipeline.php:124}() /home/ubuntu/workspace/tasklist/vendor/laravel/framework/src/Illuminate/Pipeline/Pipeline.php:124
[26-Aug-2017 17:07:43 Asia/Tokyo] PHP  18. Illuminate\Session\Middleware\StartSession->handle() /home/ubuntu/workspace/tasklist/vendor/laravel/framework/src/Illuminate/Pipeline/Pipeline.php:124
[26-Aug-2017 17:07:43 Asia/Tokyo] PHP  19. Illuminate\Pipeline\Pipeline->Illuminate\Pipeline\{closure}() /home/ubuntu/workspace/tasklist/vendor/laravel/framework/src/Illuminate/Session/Middleware/StartSession.php:62
[26-Aug-2017 17:07:43 Asia/Tokyo] PHP  20. call_user_func_array:{/home/ubuntu/workspace/tasklist/vendor/laravel/framework/src/Illuminate/Pipeline/Pipeline.php:124}() /home/ubuntu/workspace/tasklist/vendor/laravel/framework/src/Illuminate/Pipeline/Pipeline.php:124
[26-Aug-2017 17:07:43 Asia/Tokyo] PHP  21. Illuminate\View\Middleware\ShareErrorsFromSession->handle() /home/ubuntu/workspace/tasklist/vendor/laravel/framework/src/Illuminate/Pipeline/Pipeline.php:124
[26-Aug-2017 17:07:43 Asia/Tokyo] PHP  22. Illuminate\Pipeline\Pipeline->Illuminate\Pipeline\{closure}() /home/ubuntu/workspace/tasklist/vendor/laravel/framework/src/Illuminate/View/Middleware/ShareErrorsFromSession.php:49
[26-Aug-2017 17:07:43 Asia/Tokyo] PHP  23. call_user_func_array:{/home/ubuntu/workspace/tasklist/vendor/laravel/framework/src/Illuminate/Pipeline/Pipeline.php:124}() /home/ubuntu/workspace/tasklist/vendor/laravel/framework/src/Illuminate/Pipeline/Pipeline.php:124
[26-Aug-2017 17:07:43 Asia/Tokyo] PHP  24. Illuminate\Foundation\Http\Middleware\VerifyCsrfToken->handle() /home/ubuntu/workspace/tasklist/vendor/laravel/framework/src/Illuminate/Pipeline/Pipeline.php:124
[26-Aug-2017 17:07:43 Asia/Tokyo] PHP  25. Illuminate\Pipeline\Pipeline->Illuminate\Pipeline\{closure}() /home/ubuntu/workspace/tasklist/vendor/laravel/framework/src/Illuminate/Foundation/Http/Middleware/VerifyCsrfToken.php:50
[26-Aug-2017 17:07:43 Asia/Tokyo] PHP  26. call_user_func:{/home/ubuntu/workspace/tasklist/vendor/laravel/framework/src/Illuminate/Pipeline/Pipeline.php:139}() /home/ubuntu/workspace/tasklist/vendor/laravel/framework/src/Illuminate/Pipeline/Pipeline.php:139
[26-Aug-2017 17:07:43 Asia/Tokyo] PHP  27. Illuminate\Foundation\Http\Kernel->Illuminate\Foundation\Http\{closure}() /home/ubuntu/workspace/tasklist/vendor/laravel/framework/src/Illuminate/Pipeline/Pipeline.php:139
[26-Aug-2017 17:07:43 Asia/Tokyo] PHP  28. Illuminate\Routing\Router->dispatch() /home/ubuntu/workspace/tasklist/vendor/laravel/framework/src/Illuminate/Foundation/Http/Kernel.php:236
[26-Aug-2017 17:07:43 Asia/Tokyo] PHP  29. Illuminate\Routing\Router->dispatchToRoute() /home/ubuntu/workspace/tasklist/vendor/laravel/framework/src/Illuminate/Routing/Router.php:635
[26-Aug-2017 17:07:43 Asia/Tokyo] PHP  30. Illuminate\Routing\Router->runRouteWithinStack() /home/ubuntu/workspace/tasklist/vendor/laravel/framework/src/Illuminate/Routing/Router.php:675
[26-Aug-2017 17:07:43 Asia/Tokyo] PHP  31. Illuminate\Pipeline\Pipeline->then() /home/ubuntu/workspace/tasklist/vendor/laravel/framework/src/Illuminate/Routing/Router.php:710
[26-Aug-2017 17:07:43 Asia/Tokyo] PHP  32. call_user_func:{/home/ubuntu/workspace/tasklist/vendor/laravel/framework/src/Illuminate/Pipeline/Pipeline.php:103}() /home/ubuntu/workspace/tasklist/vendor/laravel/framework/src/Illuminate/Pipeline/Pipeline.php:103
[26-Aug-2017 17:07:43 Asia/Tokyo] PHP  33. Illuminate\Pipeline\Pipeline->Illuminate\Pipeline\{closure}() /home/ubuntu/workspace/tasklist/vendor/laravel/framework/src/Illuminate/Pipeline/Pipeline.php:103
[26-Aug-2017 17:07:43 Asia/Tokyo] PHP  34. call_user_func_array:{/home/ubuntu/workspace/tasklist/vendor/laravel/framework/src/Illuminate/Pipeline/Pipeline.php:124}() /home/ubuntu/workspace/tasklist/vendor/laravel/framework/src/Illuminate/Pipeline/Pipeline.php:124
[26-Aug-2017 17:07:43 Asia/Tokyo] PHP  35. App\Http\Middleware\Authenticate->handle() /home/ubuntu/workspace/tasklist/vendor/laravel/framework/src/Illuminate/Pipeline/Pipeline.php:124
[26-Aug-2017 17:07:43 Asia/Tokyo] PHP  36. Illuminate\Pipeline\Pipeline->Illuminate\Pipeline\{closure}() /home/ubuntu/workspace/tasklist/app/Http/Middleware/Authenticate.php:45
[26-Aug-2017 17:07:43 Asia/Tokyo] PHP  37. call_user_func:{/home/ubuntu/workspace/tasklist/vendor/laravel/framework/src/Illuminate/Pipeline/Pipeline.php:139}() /home/ubuntu/workspace/tasklist/vendor/laravel/framework/src/Illuminate/Pipeline/Pipeline.php:139
[26-Aug-2017 17:07:43 Asia/Tokyo] PHP  38. Illuminate\Routing\Router->Illuminate\Routing\{closure}() /home/ubuntu/workspace/tasklist/vendor/laravel/framework/src/Illuminate/Pipeline/Pipeline.php:139
[26-Aug-2017 17:07:43 Asia/Tokyo] PHP  39. Illuminate\Routing\Route->run() /home/ubuntu/workspace/tasklist/vendor/laravel/framework/src/Illuminate/Routing/Router.php:708
[26-Aug-2017 17:07:43 Asia/Tokyo] PHP  40. Illuminate\Routing\Route->runWithCustomDispatcher() /home/ubuntu/workspace/tasklist/vendor/laravel/framework/src/Illuminate/Routing/Route.php:134
[26-Aug-2017 17:07:43 Asia/Tokyo] PHP  41. Illuminate\Routing\ControllerDispatcher->dispatch() /home/ubuntu/workspace/tasklist/vendor/laravel/framework/src/Illuminate/Routing/Route.php:203
[26-Aug-2017 17:07:43 Asia/Tokyo] PHP  42. Illuminate\Routing\ControllerDispatcher->callWithinStack() /home/ubuntu/workspace/tasklist/vendor/laravel/framework/src/Illuminate/Routing/ControllerDispatcher.php:69
[26-Aug-2017 17:07:43 Asia/Tokyo] PHP  43. Illuminate\Pipeline\Pipeline->then() /home/ubuntu/workspace/tasklist/vendor/laravel/framework/src/Illuminate/Routing/ControllerDispatcher.php:114
[26-Aug-2017 17:07:43 Asia/Tokyo] PHP  44. call_user_func:{/home/ubuntu/workspace/tasklist/vendor/laravel/framework/src/Illuminate/Pipeline/Pipeline.php:103}() /home/ubuntu/workspace/tasklist/vendor/laravel/framework/src/Illuminate/Pipeline/Pipeline.php:103
[26-Aug-2017 17:07:43 Asia/Tokyo] PHP  45. Illuminate\Pipeline\Pipeline->Illuminate\Pipeline\{closure}() /home/ubuntu/workspace/tasklist/vendor/laravel/framework/src/Illuminate/Pipeline/Pipeline.php:103
[26-Aug-2017 17:07:43 Asia/Tokyo] PHP  46. call_user_func:{/home/ubuntu/workspace/tasklist/vendor/laravel/framework/src/Illuminate/Pipeline/Pipeline.php:139}() /home/ubuntu/workspace/tasklist/vendor/laravel/framework/src/Illuminate/Pipeline/Pipeline.php:139
[26-Aug-2017 17:07:43 Asia/Tokyo] PHP  47. Illuminate\Routing\ControllerDispatcher->Illuminate\Routing\{closure}() /home/ubuntu/workspace/tasklist/vendor/laravel/framework/src/Illuminate/Pipeline/Pipeline.php:139
[26-Aug-2017 17:07:43 Asia/Tokyo] PHP  48. Illuminate\Routing\ControllerDispatcher->call() /home/ubuntu/workspace/tasklist/vendor/laravel/framework/src/Illuminate/Routing/ControllerDispatcher.php:112
[26-Aug-2017 17:07:43 Asia/Tokyo] PHP  49. Illuminate\Routing\Controller->callAction() /home/ubuntu/workspace/tasklist/vendor/laravel/framework/src/Illuminate/Routing/ControllerDispatcher.php:164
[26-Aug-2017 17:07:43 Asia/Tokyo] PHP  50. call_user_func_array:{/home/ubuntu/workspace/tasklist/vendor/laravel/framework/src/Illuminate/Routing/Controller.php:256}() /home/ubuntu/workspace/tasklist/vendor/laravel/framework/src/Illuminate/Routing/Controller.php:256
[26-Aug-2017 17:07:43 Asia/Tokyo] PHP  51. App\Http\Controllers\TasksController->destroy() /home/ubuntu/workspace/tasklist/vendor/laravel/framework/src/Illuminate/Routing/Controller.php:256
[26-Aug-2017 17:11:28 Asia/Tokyo] PHP Fatal error:  Class 'App\Http\Controllers\App\Task' not found in /home/ubuntu/workspace/tasklist/app/Http/Controllers/TasksController.php on line 126
[26-Aug-2017 17:11:28 Asia/Tokyo] PHP Stack trace:
[26-Aug-2017 17:11:28 Asia/Tokyo] PHP   1. {main}() /home/ubuntu/workspace/tasklist/server.php:0
[26-Aug-2017 17:11:28 Asia/Tokyo] PHP   2. require_once() /home/ubuntu/workspace/tasklist/server.php:21
[26-Aug-2017 17:11:28 Asia/Tokyo] PHP   3. Illuminate\Foundation\Http\Kernel->handle() /home/ubuntu/workspace/tasklist/public/index.php:54
[26-Aug-2017 17:11:28 Asia/Tokyo] PHP   4. Illuminate\Foundation\Http\Kernel->sendRequestThroughRouter() /home/ubuntu/workspace/tasklist/vendor/laravel/framework/src/Illuminate/Foundation/Http/Kernel.php:87
[26-Aug-2017 17:11:28 Asia/Tokyo] PHP   5. Illuminate\Pipeline\Pipeline->then() /home/ubuntu/workspace/tasklist/vendor/laravel/framework/src/Illuminate/Foundation/Http/Kernel.php:122
[26-Aug-2017 17:11:28 Asia/Tokyo] PHP   6. call_user_func:{/home/ubuntu/workspace/tasklist/vendor/laravel/framework/src/Illuminate/Pipeline/Pipeline.php:103}() /home/ubuntu/workspace/tasklist/vendor/laravel/framework/src/Illuminate/Pipeline/Pipeline.php:103
[26-Aug-2017 17:11:28 Asia/Tokyo] PHP   7. Illuminate\Pipeline\Pipeline->Illuminate\Pipeline\{closure}() /home/ubuntu/workspace/tasklist/vendor/laravel/framework/src/Illuminate/Pipeline/Pipeline.php:103
[26-Aug-2017 17:11:28 Asia/Tokyo] PHP   8. call_user_func_array:{/home/ubuntu/workspace/tasklist/vendor/laravel/framework/src/Illuminate/Pipeline/Pipeline.php:124}() /home/ubuntu/workspace/tasklist/vendor/laravel/framework/src/Illuminate/Pipeline/Pipeline.php:124
[26-Aug-2017 17:11:28 Asia/Tokyo] PHP   9. Illuminate\Foundation\Http\Middleware\CheckForMaintenanceMode->handle() /home/ubuntu/workspace/tasklist/vendor/laravel/framework/src/Illuminate/Pipeline/Pipeline.php:124
[26-Aug-2017 17:11:28 Asia/Tokyo] PHP  10. Illuminate\Pipeline\Pipeline->Illuminate\Pipeline\{closure}() /home/ubuntu/workspace/tasklist/vendor/laravel/framework/src/Illuminate/Foundation/Http/Middleware/CheckForMaintenanceMode.php:44
[26-Aug-2017 17:11:28 Asia/Tokyo] PHP  11. call_user_func_array:{/home/ubuntu/workspace/tasklist/vendor/laravel/framework/src/Illuminate/Pipeline/Pipeline.php:124}() /home/ubuntu/workspace/tasklist/vendor/laravel/framework/src/Illuminate/Pipeline/Pipeline.php:124
[26-Aug-2017 17:11:28 Asia/Tokyo] PHP  12. Illuminate\Cookie\Middleware\EncryptCookies->handle() /home/ubuntu/workspace/tasklist/vendor/laravel/framework/src/Illuminate/Pipeline/Pipeline.php:124
[26-Aug-2017 17:11:28 Asia/Tokyo] PHP  13. Illuminate\Pipeline\Pipeline->Illuminate\Pipeline\{closure}() /home/ubuntu/workspace/tasklist/vendor/laravel/framework/src/Illuminate/Cookie/Middleware/EncryptCookies.php:59
[26-Aug-2017 17:11:28 Asia/Tokyo] PHP  14. call_user_func_array:{/home/ubuntu/workspace/tasklist/vendor/laravel/framework/src/Illuminate/Pipeline/Pipeline.php:124}() /home/ubuntu/workspace/tasklist/vendor/laravel/framework/src/Illuminate/Pipeline/Pipeline.php:124
[26-Aug-2017 17:11:28 Asia/Tokyo] PHP  15. Illuminate\Cookie\Middleware\AddQueuedCookiesToResponse->handle() /home/ubuntu/workspace/tasklist/vendor/laravel/framework/src/Illuminate/Pipeline/Pipeline.php:124
[26-Aug-2017 17:11:28 Asia/Tokyo] PHP  16. Illuminate\Pipeline\Pipeline->Illuminate\Pipeline\{closure}() /home/ubuntu/workspace/tasklist/vendor/laravel/framework/src/Illuminate/Cookie/Middleware/AddQueuedCookiesToResponse.php:37
[26-Aug-2017 17:11:28 Asia/Tokyo] PHP  17. call_user_func_array:{/home/ubuntu/workspace/tasklist/vendor/laravel/framework/src/Illuminate/Pipeline/Pipeline.php:124}() /home/ubuntu/workspace/tasklist/vendor/laravel/framework/src/Illuminate/Pipeline/Pipeline.php:124
[26-Aug-2017 17:11:28 Asia/Tokyo] PHP  18. Illuminate\Session\Middleware\StartSession->handle() /home/ubuntu/workspace/tasklist/vendor/laravel/framework/src/Illuminate/Pipeline/Pipeline.php:124
[26-Aug-2017 17:11:28 Asia/Tokyo] PHP  19. Illuminate\Pipeline\Pipeline->Illuminate\Pipeline\{closure}() /home/ubuntu/workspace/tasklist/vendor/laravel/framework/src/Illuminate/Session/Middleware/StartSession.php:62
[26-Aug-2017 17:11:28 Asia/Tokyo] PHP  20. call_user_func_array:{/home/ubuntu/workspace/tasklist/vendor/laravel/framework/src/Illuminate/Pipeline/Pipeline.php:124}() /home/ubuntu/workspace/tasklist/vendor/laravel/framework/src/Illuminate/Pipeline/Pipeline.php:124
[26-Aug-2017 17:11:28 Asia/Tokyo] PHP  21. Illuminate\View\Middleware\ShareErrorsFromSession->handle() /home/ubuntu/workspace/tasklist/vendor/laravel/framework/src/Illuminate/Pipeline/Pipeline.php:124
[26-Aug-2017 17:11:28 Asia/Tokyo] PHP  22. Illuminate\Pipeline\Pipeline->Illuminate\Pipeline\{closure}() /home/ubuntu/workspace/tasklist/vendor/laravel/framework/src/Illuminate/View/Middleware/ShareErrorsFromSession.php:49
[26-Aug-2017 17:11:28 Asia/Tokyo] PHP  23. call_user_func_array:{/home/ubuntu/workspace/tasklist/vendor/laravel/framework/src/Illuminate/Pipeline/Pipeline.php:124}() /home/ubuntu/workspace/tasklist/vendor/laravel/framework/src/Illuminate/Pipeline/Pipeline.php:124
[26-Aug-2017 17:11:28 Asia/Tokyo] PHP  24. Illuminate\Foundation\Http\Middleware\VerifyCsrfToken->handle() /home/ubuntu/workspace/tasklist/vendor/laravel/framework/src/Illuminate/Pipeline/Pipeline.php:124
[26-Aug-2017 17:11:28 Asia/Tokyo] PHP  25. Illuminate\Pipeline\Pipeline->Illuminate\Pipeline\{closure}() /home/ubuntu/workspace/tasklist/vendor/laravel/framework/src/Illuminate/Foundation/Http/Middleware/VerifyCsrfToken.php:50
[26-Aug-2017 17:11:28 Asia/Tokyo] PHP  26. call_user_func:{/home/ubuntu/workspace/tasklist/vendor/laravel/framework/src/Illuminate/Pipeline/Pipeline.php:139}() /home/ubuntu/workspace/tasklist/vendor/laravel/framework/src/Illuminate/Pipeline/Pipeline.php:139
[26-Aug-2017 17:11:28 Asia/Tokyo] PHP  27. Illuminate\Foundation\Http\Kernel->Illuminate\Foundation\Http\{closure}() /home/ubuntu/workspace/tasklist/vendor/laravel/framework/src/Illuminate/Pipeline/Pipeline.php:139
[26-Aug-2017 17:11:28 Asia/Tokyo] PHP  28. Illuminate\Routing\Router->dispatch() /home/ubuntu/workspace/tasklist/vendor/laravel/framework/src/Illuminate/Foundation/Http/Kernel.php:236
[26-Aug-2017 17:11:28 Asia/Tokyo] PHP  29. Illuminate\Routing\Router->dispatchToRoute() /home/ubuntu/workspace/tasklist/vendor/laravel/framework/src/Illuminate/Routing/Router.php:635
[26-Aug-2017 17:11:28 Asia/Tokyo] PHP  30. Illuminate\Routing\Router->runRouteWithinStack() /home/ubuntu/workspace/tasklist/vendor/laravel/framework/src/Illuminate/Routing/Router.php:675
[26-Aug-2017 17:11:28 Asia/Tokyo] PHP  31. Illuminate\Pipeline\Pipeline->then() /home/ubuntu/workspace/tasklist/vendor/laravel/framework/src/Illuminate/Routing/Router.php:710
[26-Aug-2017 17:11:28 Asia/Tokyo] PHP  32. call_user_func:{/home/ubuntu/workspace/tasklist/vendor/laravel/framework/src/Illuminate/Pipeline/Pipeline.php:103}() /home/ubuntu/workspace/tasklist/vendor/laravel/framework/src/Illuminate/Pipeline/Pipeline.php:103
[26-Aug-2017 17:11:28 Asia/Tokyo] PHP  33. Illuminate\Pipeline\Pipeline->Illuminate\Pipeline\{closure}() /home/ubuntu/workspace/tasklist/vendor/laravel/framework/src/Illuminate/Pipeline/Pipeline.php:103
[26-Aug-2017 17:11:28 Asia/Tokyo] PHP  34. call_user_func_array:{/home/ubuntu/workspace/tasklist/vendor/laravel/framework/src/Illuminate/Pipeline/Pipeline.php:124}() /home/ubuntu/workspace/tasklist/vendor/laravel/framework/src/Illuminate/Pipeline/Pipeline.php:124
[26-Aug-2017 17:11:28 Asia/Tokyo] PHP  35. App\Http\Middleware\Authenticate->handle() /home/ubuntu/workspace/tasklist/vendor/laravel/framework/src/Illuminate/Pipeline/Pipeline.php:124
[26-Aug-2017 17:11:28 Asia/Tokyo] PHP  36. Illuminate\Pipeline\Pipeline->Illuminate\Pipeline\{closure}() /home/ubuntu/workspace/tasklist/app/Http/Middleware/Authenticate.php:45
[26-Aug-2017 17:11:28 Asia/Tokyo] PHP  37. call_user_func:{/home/ubuntu/workspace/tasklist/vendor/laravel/framework/src/Illuminate/Pipeline/Pipeline.php:139}() /home/ubuntu/workspace/tasklist/vendor/laravel/framework/src/Illuminate/Pipeline/Pipeline.php:139
[26-Aug-2017 17:11:28 Asia/Tokyo] PHP  38. Illuminate\Routing\Router->Illuminate\Routing\{closure}() /home/ubuntu/workspace/tasklist/vendor/laravel/framework/src/Illuminate/Pipeline/Pipeline.php:139
[26-Aug-2017 17:11:28 Asia/Tokyo] PHP  39. Illuminate\Routing\Route->run() /home/ubuntu/workspace/tasklist/vendor/laravel/framework/src/Illuminate/Routing/Router.php:708
[26-Aug-2017 17:11:28 Asia/Tokyo] PHP  40. Illuminate\Routing\Route->runWithCustomDispatcher() /home/ubuntu/workspace/tasklist/vendor/laravel/framework/src/Illuminate/Routing/Route.php:134
[26-Aug-2017 17:11:28 Asia/Tokyo] PHP  41. Illuminate\Routing\ControllerDispatcher->dispatch() /home/ubuntu/workspace/tasklist/vendor/laravel/framework/src/Illuminate/Routing/Route.php:203
[26-Aug-2017 17:11:28 Asia/Tokyo] PHP  42. Illuminate\Routing\ControllerDispatcher->callWithinStack() /home/ubuntu/workspace/tasklist/vendor/laravel/framework/src/Illuminate/Routing/ControllerDispatcher.php:69
[26-Aug-2017 17:11:28 Asia/Tokyo] PHP  43. Illuminate\Pipeline\Pipeline->then() /home/ubuntu/workspace/tasklist/vendor/laravel/framework/src/Illuminate/Routing/ControllerDispatcher.php:114
[26-Aug-2017 17:11:28 Asia/Tokyo] PHP  44. call_user_func:{/home/ubuntu/workspace/tasklist/vendor/laravel/framework/src/Illuminate/Pipeline/Pipeline.php:103}() /home/ubuntu/workspace/tasklist/vendor/laravel/framework/src/Illuminate/Pipeline/Pipeline.php:103
[26-Aug-2017 17:11:28 Asia/Tokyo] PHP  45. Illuminate\Pipeline\Pipeline->Illuminate\Pipeline\{closure}() /home/ubuntu/workspace/tasklist/vendor/laravel/framework/src/Illuminate/Pipeline/Pipeline.php:103
[26-Aug-2017 17:11:28 Asia/Tokyo] PHP  46. call_user_func:{/home/ubuntu/workspace/tasklist/vendor/laravel/framework/src/Illuminate/Pipeline/Pipeline.php:139}() /home/ubuntu/workspace/tasklist/vendor/laravel/framework/src/Illuminate/Pipeline/Pipeline.php:139
[26-Aug-2017 17:11:28 Asia/Tokyo] PHP  47. Illuminate\Routing\ControllerDispatcher->Illuminate\Routing\{closure}() /home/ubuntu/workspace/tasklist/vendor/laravel/framework/src/Illuminate/Pipeline/Pipeline.php:139
[26-Aug-2017 17:11:28 Asia/Tokyo] PHP  48. Illuminate\Routing\ControllerDispatcher->call() /home/ubuntu/workspace/tasklist/vendor/laravel/framework/src/Illuminate/Routing/ControllerDispatcher.php:112
[26-Aug-2017 17:11:28 Asia/Tokyo] PHP  49. Illuminate\Routing\Controller->callAction() /home/ubuntu/workspace/tasklist/vendor/laravel/framework/src/Illuminate/Routing/ControllerDispatcher.php:164
[26-Aug-2017 17:11:28 Asia/Tokyo] PHP  50. call_user_func_array:{/home/ubuntu/workspace/tasklist/vendor/laravel/framework/src/Illuminate/Routing/Controller.php:256}() /home/ubuntu/workspace/tasklist/vendor/laravel/framework/src/Illuminate/Routing/Controller.php:256
[26-Aug-2017 17:11:28 Asia/Tokyo] PHP  51. App\Http\Controllers\TasksController->destroy() /home/ubuntu/workspace/tasklist/vendor/laravel/framework/src/Illuminate/Routing/Controller.php:256
[26-Aug-2017 17:14:57 Asia/Tokyo] PHP Fatal error:  Class 'App\Http\Controllers\App\Task' not found in /home/ubuntu/workspace/tasklist/app/Http/Controllers/TasksController.php on line 126
[26-Aug-2017 17:14:57 Asia/Tokyo] PHP Stack trace:
[26-Aug-2017 17:14:57 Asia/Tokyo] PHP   1. {main}() /home/ubuntu/workspace/tasklist/server.php:0
[26-Aug-2017 17:14:57 Asia/Tokyo] PHP   2. require_once() /home/ubuntu/workspace/tasklist/server.php:21
[26-Aug-2017 17:14:57 Asia/Tokyo] PHP   3. Illuminate\Foundation\Http\Kernel->handle() /home/ubuntu/workspace/tasklist/public/index.php:54
[26-Aug-2017 17:14:57 Asia/Tokyo] PHP   4. Illuminate\Foundation\Http\Kernel->sendRequestThroughRouter() /home/ubuntu/workspace/tasklist/vendor/laravel/framework/src/Illuminate/Foundation/Http/Kernel.php:87
[26-Aug-2017 17:14:57 Asia/Tokyo] PHP   5. Illuminate\Pipeline\Pipeline->then() /home/ubuntu/workspace/tasklist/vendor/laravel/framework/src/Illuminate/Foundation/Http/Kernel.php:122
[26-Aug-2017 17:14:57 Asia/Tokyo] PHP   6. call_user_func:{/home/ubuntu/workspace/tasklist/vendor/laravel/framework/src/Illuminate/Pipeline/Pipeline.php:103}() /home/ubuntu/workspace/tasklist/vendor/laravel/framework/src/Illuminate/Pipeline/Pipeline.php:103
[26-Aug-2017 17:14:57 Asia/Tokyo] PHP   7. Illuminate\Pipeline\Pipeline->Illuminate\Pipeline\{closure}() /home/ubuntu/workspace/tasklist/vendor/laravel/framework/src/Illuminate/Pipeline/Pipeline.php:103
[26-Aug-2017 17:14:57 Asia/Tokyo] PHP   8. call_user_func_array:{/home/ubuntu/workspace/tasklist/vendor/laravel/framework/src/Illuminate/Pipeline/Pipeline.php:124}() /home/ubuntu/workspace/tasklist/vendor/laravel/framework/src/Illuminate/Pipeline/Pipeline.php:124
[26-Aug-2017 17:14:57 Asia/Tokyo] PHP   9. Illuminate\Foundation\Http\Middleware\CheckForMaintenanceMode->handle() /home/ubuntu/workspace/tasklist/vendor/laravel/framework/src/Illuminate/Pipeline/Pipeline.php:124
[26-Aug-2017 17:14:57 Asia/Tokyo] PHP  10. Illuminate\Pipeline\Pipeline->Illuminate\Pipeline\{closure}() /home/ubuntu/workspace/tasklist/vendor/laravel/framework/src/Illuminate/Foundation/Http/Middleware/CheckForMaintenanceMode.php:44
[26-Aug-2017 17:14:57 Asia/Tokyo] PHP  11. call_user_func_array:{/home/ubuntu/workspace/tasklist/vendor/laravel/framework/src/Illuminate/Pipeline/Pipeline.php:124}() /home/ubuntu/workspace/tasklist/vendor/laravel/framework/src/Illuminate/Pipeline/Pipeline.php:124
[26-Aug-2017 17:14:57 Asia/Tokyo] PHP  12. Illuminate\Cookie\Middleware\EncryptCookies->handle() /home/ubuntu/workspace/tasklist/vendor/laravel/framework/src/Illuminate/Pipeline/Pipeline.php:124
[26-Aug-2017 17:14:57 Asia/Tokyo] PHP  13. Illuminate\Pipeline\Pipeline->Illuminate\Pipeline\{closure}() /home/ubuntu/workspace/tasklist/vendor/laravel/framework/src/Illuminate/Cookie/Middleware/EncryptCookies.php:59
[26-Aug-2017 17:14:57 Asia/Tokyo] PHP  14. call_user_func_array:{/home/ubuntu/workspace/tasklist/vendor/laravel/framework/src/Illuminate/Pipeline/Pipeline.php:124}() /home/ubuntu/workspace/tasklist/vendor/laravel/framework/src/Illuminate/Pipeline/Pipeline.php:124
[26-Aug-2017 17:14:57 Asia/Tokyo] PHP  15. Illuminate\Cookie\Middleware\AddQueuedCookiesToResponse->handle() /home/ubuntu/workspace/tasklist/vendor/laravel/framework/src/Illuminate/Pipeline/Pipeline.php:124
[26-Aug-2017 17:14:57 Asia/Tokyo] PHP  16. Illuminate\Pipeline\Pipeline->Illuminate\Pipeline\{closure}() /home/ubuntu/workspace/tasklist/vendor/laravel/framework/src/Illuminate/Cookie/Middleware/AddQueuedCookiesToResponse.php:37
[26-Aug-2017 17:14:57 Asia/Tokyo] PHP  17. call_user_func_array:{/home/ubuntu/workspace/tasklist/vendor/laravel/framework/src/Illuminate/Pipeline/Pipeline.php:124}() /home/ubuntu/workspace/tasklist/vendor/laravel/framework/src/Illuminate/Pipeline/Pipeline.php:124
[26-Aug-2017 17:14:57 Asia/Tokyo] PHP  18. Illuminate\Session\Middleware\StartSession->handle() /home/ubuntu/workspace/tasklist/vendor/laravel/framework/src/Illuminate/Pipeline/Pipeline.php:124
[26-Aug-2017 17:14:57 Asia/Tokyo] PHP  19. Illuminate\Pipeline\Pipeline->Illuminate\Pipeline\{closure}() /home/ubuntu/workspace/tasklist/vendor/laravel/framework/src/Illuminate/Session/Middleware/StartSession.php:62
[26-Aug-2017 17:14:57 Asia/Tokyo] PHP  20. call_user_func_array:{/home/ubuntu/workspace/tasklist/vendor/laravel/framework/src/Illuminate/Pipeline/Pipeline.php:124}() /home/ubuntu/workspace/tasklist/vendor/laravel/framework/src/Illuminate/Pipeline/Pipeline.php:124
[26-Aug-2017 17:14:57 Asia/Tokyo] PHP  21. Illuminate\View\Middleware\ShareErrorsFromSession->handle() /home/ubuntu/workspace/tasklist/vendor/laravel/framework/src/Illuminate/Pipeline/Pipeline.php:124
[26-Aug-2017 17:14:57 Asia/Tokyo] PHP  22. Illuminate\Pipeline\Pipeline->Illuminate\Pipeline\{closure}() /home/ubuntu/workspace/tasklist/vendor/laravel/framework/src/Illuminate/View/Middleware/ShareErrorsFromSession.php:49
[26-Aug-2017 17:14:57 Asia/Tokyo] PHP  23. call_user_func_array:{/home/ubuntu/workspace/tasklist/vendor/laravel/framework/src/Illuminate/Pipeline/Pipeline.php:124}() /home/ubuntu/workspace/tasklist/vendor/laravel/framework/src/Illuminate/Pipeline/Pipeline.php:124
[26-Aug-2017 17:14:57 Asia/Tokyo] PHP  24. Illuminate\Foundation\Http\Middleware\VerifyCsrfToken->handle() /home/ubuntu/workspace/tasklist/vendor/laravel/framework/src/Illuminate/Pipeline/Pipeline.php:124
[26-Aug-2017 17:14:57 Asia/Tokyo] PHP  25. Illuminate\Pipeline\Pipeline->Illuminate\Pipeline\{closure}() /home/ubuntu/workspace/tasklist/vendor/laravel/framework/src/Illuminate/Foundation/Http/Middleware/VerifyCsrfToken.php:50
[26-Aug-2017 17:14:57 Asia/Tokyo] PHP  26. call_user_func:{/home/ubuntu/workspace/tasklist/vendor/laravel/framework/src/Illuminate/Pipeline/Pipeline.php:139}() /home/ubuntu/workspace/tasklist/vendor/laravel/framework/src/Illuminate/Pipeline/Pipeline.php:139
[26-Aug-2017 17:14:57 Asia/Tokyo] PHP  27. Illuminate\Foundation\Http\Kernel->Illuminate\Foundation\Http\{closure}() /home/ubuntu/workspace/tasklist/vendor/laravel/framework/src/Illuminate/Pipeline/Pipeline.php:139
[26-Aug-2017 17:14:57 Asia/Tokyo] PHP  28. Illuminate\Routing\Router->dispatch() /home/ubuntu/workspace/tasklist/vendor/laravel/framework/src/Illuminate/Foundation/Http/Kernel.php:236
[26-Aug-2017 17:14:57 Asia/Tokyo] PHP  29. Illuminate\Routing\Router->dispatchToRoute() /home/ubuntu/workspace/tasklist/vendor/laravel/framework/src/Illuminate/Routing/Router.php:635
[26-Aug-2017 17:14:57 Asia/Tokyo] PHP  30. Illuminate\Routing\Router->runRouteWithinStack() /home/ubuntu/workspace/tasklist/vendor/laravel/framework/src/Illuminate/Routing/Router.php:675
[26-Aug-2017 17:14:57 Asia/Tokyo] PHP  31. Illuminate\Pipeline\Pipeline->then() /home/ubuntu/workspace/tasklist/vendor/laravel/framework/src/Illuminate/Routing/Router.php:710
[26-Aug-2017 17:14:57 Asia/Tokyo] PHP  32. call_user_func:{/home/ubuntu/workspace/tasklist/vendor/laravel/framework/src/Illuminate/Pipeline/Pipeline.php:103}() /home/ubuntu/workspace/tasklist/vendor/laravel/framework/src/Illuminate/Pipeline/Pipeline.php:103
[26-Aug-2017 17:14:57 Asia/Tokyo] PHP  33. Illuminate\Pipeline\Pipeline->Illuminate\Pipeline\{closure}() /home/ubuntu/workspace/tasklist/vendor/laravel/framework/src/Illuminate/Pipeline/Pipeline.php:103
[26-Aug-2017 17:14:57 Asia/Tokyo] PHP  34. call_user_func_array:{/home/ubuntu/workspace/tasklist/vendor/laravel/framework/src/Illuminate/Pipeline/Pipeline.php:124}() /home/ubuntu/workspace/tasklist/vendor/laravel/framework/src/Illuminate/Pipeline/Pipeline.php:124
[26-Aug-2017 17:14:57 Asia/Tokyo] PHP  35. App\Http\Middleware\Authenticate->handle() /home/ubuntu/workspace/tasklist/vendor/laravel/framework/src/Illuminate/Pipeline/Pipeline.php:124
[26-Aug-2017 17:14:57 Asia/Tokyo] PHP  36. Illuminate\Pipeline\Pipeline->Illuminate\Pipeline\{closure}() /home/ubuntu/workspace/tasklist/app/Http/Middleware/Authenticate.php:45
[26-Aug-2017 17:14:57 Asia/Tokyo] PHP  37. call_user_func:{/home/ubuntu/workspace/tasklist/vendor/laravel/framework/src/Illuminate/Pipeline/Pipeline.php:139}() /home/ubuntu/workspace/tasklist/vendor/laravel/framework/src/Illuminate/Pipeline/Pipeline.php:139
[26-Aug-2017 17:14:57 Asia/Tokyo] PHP  38. Illuminate\Routing\Router->Illuminate\Routing\{closure}() /home/ubuntu/workspace/tasklist/vendor/laravel/framework/src/Illuminate/Pipeline/Pipeline.php:139
[26-Aug-2017 17:14:57 Asia/Tokyo] PHP  39. Illuminate\Routing\Route->run() /home/ubuntu/workspace/tasklist/vendor/laravel/framework/src/Illuminate/Routing/Router.php:708
[26-Aug-2017 17:14:57 Asia/Tokyo] PHP  40. Illuminate\Routing\Route->runWithCustomDispatcher() /home/ubuntu/workspace/tasklist/vendor/laravel/framework/src/Illuminate/Routing/Route.php:134
[26-Aug-2017 17:14:57 Asia/Tokyo] PHP  41. Illuminate\Routing\ControllerDispatcher->dispatch() /home/ubuntu/workspace/tasklist/vendor/laravel/framework/src/Illuminate/Routing/Route.php:203
[26-Aug-2017 17:14:57 Asia/Tokyo] PHP  42. Illuminate\Routing\ControllerDispatcher->callWithinStack() /home/ubuntu/workspace/tasklist/vendor/laravel/framework/src/Illuminate/Routing/ControllerDispatcher.php:69
[26-Aug-2017 17:14:57 Asia/Tokyo] PHP  43. Illuminate\Pipeline\Pipeline->then() /home/ubuntu/workspace/tasklist/vendor/laravel/framework/src/Illuminate/Routing/ControllerDispatcher.php:114
[26-Aug-2017 17:14:57 Asia/Tokyo] PHP  44. call_user_func:{/home/ubuntu/workspace/tasklist/vendor/laravel/framework/src/Illuminate/Pipeline/Pipeline.php:103}() /home/ubuntu/workspace/tasklist/vendor/laravel/framework/src/Illuminate/Pipeline/Pipeline.php:103
[26-Aug-2017 17:14:57 Asia/Tokyo] PHP  45. Illuminate\Pipeline\Pipeline->Illuminate\Pipeline\{closure}() /home/ubuntu/workspace/tasklist/vendor/laravel/framework/src/Illuminate/Pipeline/Pipeline.php:103
[26-Aug-2017 17:14:57 Asia/Tokyo] PHP  46. call_user_func:{/home/ubuntu/workspace/tasklist/vendor/laravel/framework/src/Illuminate/Pipeline/Pipeline.php:139}() /home/ubuntu/workspace/tasklist/vendor/laravel/framework/src/Illuminate/Pipeline/Pipeline.php:139
[26-Aug-2017 17:14:57 Asia/Tokyo] PHP  47. Illuminate\Routing\ControllerDispatcher->Illuminate\Routing\{closure}() /home/ubuntu/workspace/tasklist/vendor/laravel/framework/src/Illuminate/Pipeline/Pipeline.php:139
[26-Aug-2017 17:14:57 Asia/Tokyo] PHP  48. Illuminate\Routing\ControllerDispatcher->call() /home/ubuntu/workspace/tasklist/vendor/laravel/framework/src/Illuminate/Routing/ControllerDispatcher.php:112
[26-Aug-2017 17:14:57 Asia/Tokyo] PHP  49. Illuminate\Routing\Controller->callAction() /home/ubuntu/workspace/tasklist/vendor/laravel/framework/src/Illuminate/Routing/ControllerDispatcher.php:164
[26-Aug-2017 17:14:57 Asia/Tokyo] PHP  50. call_user_func_array:{/home/ubuntu/workspace/tasklist/vendor/laravel/framework/src/Illuminate/Routing/Controller.php:256}() /home/ubuntu/workspace/tasklist/vendor/laravel/framework/src/Illuminate/Routing/Controller.php:256
[26-Aug-2017 17:14:57 Asia/Tokyo] PHP  51. App\Http\Controllers\TasksController->destroy() /home/ubuntu/workspace/tasklist/vendor/laravel/framework/src/Illuminate/Routing/Controller.php:256
[26-Aug-2017 17:16:05 Asia/Tokyo] PHP Fatal error:  Class 'App\Http\Controllers\App\Task' not found in /home/ubuntu/workspace/tasklist/app/Http/Controllers/TasksController.php on line 126
[26-Aug-2017 17:16:05 Asia/Tokyo] PHP Stack trace:
[26-Aug-2017 17:16:05 Asia/Tokyo] PHP   1. {main}() /home/ubuntu/workspace/tasklist/server.php:0
[26-Aug-2017 17:16:05 Asia/Tokyo] PHP   2. require_once() /home/ubuntu/workspace/tasklist/server.php:21
[26-Aug-2017 17:16:05 Asia/Tokyo] PHP   3. Illuminate\Foundation\Http\Kernel->handle() /home/ubuntu/workspace/tasklist/public/index.php:54
[26-Aug-2017 17:16:05 Asia/Tokyo] PHP   4. Illuminate\Foundation\Http\Kernel->sendRequestThroughRouter() /home/ubuntu/workspace/tasklist/vendor/laravel/framework/src/Illuminate/Foundation/Http/Kernel.php:87
[26-Aug-2017 17:16:05 Asia/Tokyo] PHP   5. Illuminate\Pipeline\Pipeline->then() /home/ubuntu/workspace/tasklist/vendor/laravel/framework/src/Illuminate/Foundation/Http/Kernel.php:122
[26-Aug-2017 17:16:05 Asia/Tokyo] PHP   6. call_user_func:{/home/ubuntu/workspace/tasklist/vendor/laravel/framework/src/Illuminate/Pipeline/Pipeline.php:103}() /home/ubuntu/workspace/tasklist/vendor/laravel/framework/src/Illuminate/Pipeline/Pipeline.php:103
[26-Aug-2017 17:16:05 Asia/Tokyo] PHP   7. Illuminate\Pipeline\Pipeline->Illuminate\Pipeline\{closure}() /home/ubuntu/workspace/tasklist/vendor/laravel/framework/src/Illuminate/Pipeline/Pipeline.php:103
[26-Aug-2017 17:16:05 Asia/Tokyo] PHP   8. call_user_func_array:{/home/ubuntu/workspace/tasklist/vendor/laravel/framework/src/Illuminate/Pipeline/Pipeline.php:124}() /home/ubuntu/workspace/tasklist/vendor/laravel/framework/src/Illuminate/Pipeline/Pipeline.php:124
[26-Aug-2017 17:16:05 Asia/Tokyo] PHP   9. Illuminate\Foundation\Http\Middleware\CheckForMaintenanceMode->handle() /home/ubuntu/workspace/tasklist/vendor/laravel/framework/src/Illuminate/Pipeline/Pipeline.php:124
[26-Aug-2017 17:16:05 Asia/Tokyo] PHP  10. Illuminate\Pipeline\Pipeline->Illuminate\Pipeline\{closure}() /home/ubuntu/workspace/tasklist/vendor/laravel/framework/src/Illuminate/Foundation/Http/Middleware/CheckForMaintenanceMode.php:44
[26-Aug-2017 17:16:05 Asia/Tokyo] PHP  11. call_user_func_array:{/home/ubuntu/workspace/tasklist/vendor/laravel/framework/src/Illuminate/Pipeline/Pipeline.php:124}() /home/ubuntu/workspace/tasklist/vendor/laravel/framework/src/Illuminate/Pipeline/Pipeline.php:124
[26-Aug-2017 17:16:05 Asia/Tokyo] PHP  12. Illuminate\Cookie\Middleware\EncryptCookies->handle() /home/ubuntu/workspace/tasklist/vendor/laravel/framework/src/Illuminate/Pipeline/Pipeline.php:124
[26-Aug-2017 17:16:05 Asia/Tokyo] PHP  13. Illuminate\Pipeline\Pipeline->Illuminate\Pipeline\{closure}() /home/ubuntu/workspace/tasklist/vendor/laravel/framework/src/Illuminate/Cookie/Middleware/EncryptCookies.php:59
[26-Aug-2017 17:16:05 Asia/Tokyo] PHP  14. call_user_func_array:{/home/ubuntu/workspace/tasklist/vendor/laravel/framework/src/Illuminate/Pipeline/Pipeline.php:124}() /home/ubuntu/workspace/tasklist/vendor/laravel/framework/src/Illuminate/Pipeline/Pipeline.php:124
[26-Aug-2017 17:16:05 Asia/Tokyo] PHP  15. Illuminate\Cookie\Middleware\AddQueuedCookiesToResponse->handle() /home/ubuntu/workspace/tasklist/vendor/laravel/framework/src/Illuminate/Pipeline/Pipeline.php:124
[26-Aug-2017 17:16:05 Asia/Tokyo] PHP  16. Illuminate\Pipeline\Pipeline->Illuminate\Pipeline\{closure}() /home/ubuntu/workspace/tasklist/vendor/laravel/framework/src/Illuminate/Cookie/Middleware/AddQueuedCookiesToResponse.php:37
[26-Aug-2017 17:16:05 Asia/Tokyo] PHP  17. call_user_func_array:{/home/ubuntu/workspace/tasklist/vendor/laravel/framework/src/Illuminate/Pipeline/Pipeline.php:124}() /home/ubuntu/workspace/tasklist/vendor/laravel/framework/src/Illuminate/Pipeline/Pipeline.php:124
[26-Aug-2017 17:16:05 Asia/Tokyo] PHP  18. Illuminate\Session\Middleware\StartSession->handle() /home/ubuntu/workspace/tasklist/vendor/laravel/framework/src/Illuminate/Pipeline/Pipeline.php:124
[26-Aug-2017 17:16:05 Asia/Tokyo] PHP  19. Illuminate\Pipeline\Pipeline->Illuminate\Pipeline\{closure}() /home/ubuntu/workspace/tasklist/vendor/laravel/framework/src/Illuminate/Session/Middleware/StartSession.php:62
[26-Aug-2017 17:16:05 Asia/Tokyo] PHP  20. call_user_func_array:{/home/ubuntu/workspace/tasklist/vendor/laravel/framework/src/Illuminate/Pipeline/Pipeline.php:124}() /home/ubuntu/workspace/tasklist/vendor/laravel/framework/src/Illuminate/Pipeline/Pipeline.php:124
[26-Aug-2017 17:16:05 Asia/Tokyo] PHP  21. Illuminate\View\Middleware\ShareErrorsFromSession->handle() /home/ubuntu/workspace/tasklist/vendor/laravel/framework/src/Illuminate/Pipeline/Pipeline.php:124
[26-Aug-2017 17:16:05 Asia/Tokyo] PHP  22. Illuminate\Pipeline\Pipeline->Illuminate\Pipeline\{closure}() /home/ubuntu/workspace/tasklist/vendor/laravel/framework/src/Illuminate/View/Middleware/ShareErrorsFromSession.php:49
[26-Aug-2017 17:16:05 Asia/Tokyo] PHP  23. call_user_func_array:{/home/ubuntu/workspace/tasklist/vendor/laravel/framework/src/Illuminate/Pipeline/Pipeline.php:124}() /home/ubuntu/workspace/tasklist/vendor/laravel/framework/src/Illuminate/Pipeline/Pipeline.php:124
[26-Aug-2017 17:16:05 Asia/Tokyo] PHP  24. Illuminate\Foundation\Http\Middleware\VerifyCsrfToken->handle() /home/ubuntu/workspace/tasklist/vendor/laravel/framework/src/Illuminate/Pipeline/Pipeline.php:124
[26-Aug-2017 17:16:05 Asia/Tokyo] PHP  25. Illuminate\Pipeline\Pipeline->Illuminate\Pipeline\{closure}() /home/ubuntu/workspace/tasklist/vendor/laravel/framework/src/Illuminate/Foundation/Http/Middleware/VerifyCsrfToken.php:50
[26-Aug-2017 17:16:05 Asia/Tokyo] PHP  26. call_user_func:{/home/ubuntu/workspace/tasklist/vendor/laravel/framework/src/Illuminate/Pipeline/Pipeline.php:139}() /home/ubuntu/workspace/tasklist/vendor/laravel/framework/src/Illuminate/Pipeline/Pipeline.php:139
[26-Aug-2017 17:16:05 Asia/Tokyo] PHP  27. Illuminate\Foundation\Http\Kernel->Illuminate\Foundation\Http\{closure}() /home/ubuntu/workspace/tasklist/vendor/laravel/framework/src/Illuminate/Pipeline/Pipeline.php:139
[26-Aug-2017 17:16:05 Asia/Tokyo] PHP  28. Illuminate\Routing\Router->dispatch() /home/ubuntu/workspace/tasklist/vendor/laravel/framework/src/Illuminate/Foundation/Http/Kernel.php:236
[26-Aug-2017 17:16:05 Asia/Tokyo] PHP  29. Illuminate\Routing\Router->dispatchToRoute() /home/ubuntu/workspace/tasklist/vendor/laravel/framework/src/Illuminate/Routing/Router.php:635
[26-Aug-2017 17:16:05 Asia/Tokyo] PHP  30. Illuminate\Routing\Router->runRouteWithinStack() /home/ubuntu/workspace/tasklist/vendor/laravel/framework/src/Illuminate/Routing/Router.php:675
[26-Aug-2017 17:16:05 Asia/Tokyo] PHP  31. Illuminate\Pipeline\Pipeline->then() /home/ubuntu/workspace/tasklist/vendor/laravel/framework/src/Illuminate/Routing/Router.php:710
[26-Aug-2017 17:16:05 Asia/Tokyo] PHP  32. call_user_func:{/home/ubuntu/workspace/tasklist/vendor/laravel/framework/src/Illuminate/Pipeline/Pipeline.php:103}() /home/ubuntu/workspace/tasklist/vendor/laravel/framework/src/Illuminate/Pipeline/Pipeline.php:103
[26-Aug-2017 17:16:05 Asia/Tokyo] PHP  33. Illuminate\Pipeline\Pipeline->Illuminate\Pipeline\{closure}() /home/ubuntu/workspace/tasklist/vendor/laravel/framework/src/Illuminate/Pipeline/Pipeline.php:103
[26-Aug-2017 17:16:05 Asia/Tokyo] PHP  34. call_user_func_array:{/home/ubuntu/workspace/tasklist/vendor/laravel/framework/src/Illuminate/Pipeline/Pipeline.php:124}() /home/ubuntu/workspace/tasklist/vendor/laravel/framework/src/Illuminate/Pipeline/Pipeline.php:124
[26-Aug-2017 17:16:05 Asia/Tokyo] PHP  35. App\Http\Middleware\Authenticate->handle() /home/ubuntu/workspace/tasklist/vendor/laravel/framework/src/Illuminate/Pipeline/Pipeline.php:124
[26-Aug-2017 17:16:05 Asia/Tokyo] PHP  36. Illuminate\Pipeline\Pipeline->Illuminate\Pipeline\{closure}() /home/ubuntu/workspace/tasklist/app/Http/Middleware/Authenticate.php:45
[26-Aug-2017 17:16:05 Asia/Tokyo] PHP  37. call_user_func:{/home/ubuntu/workspace/tasklist/vendor/laravel/framework/src/Illuminate/Pipeline/Pipeline.php:139}() /home/ubuntu/workspace/tasklist/vendor/laravel/framework/src/Illuminate/Pipeline/Pipeline.php:139
[26-Aug-2017 17:16:05 Asia/Tokyo] PHP  38. Illuminate\Routing\Router->Illuminate\Routing\{closure}() /home/ubuntu/workspace/tasklist/vendor/laravel/framework/src/Illuminate/Pipeline/Pipeline.php:139
[26-Aug-2017 17:16:05 Asia/Tokyo] PHP  39. Illuminate\Routing\Route->run() /home/ubuntu/workspace/tasklist/vendor/laravel/framework/src/Illuminate/Routing/Router.php:708
[26-Aug-2017 17:16:05 Asia/Tokyo] PHP  40. Illuminate\Routing\Route->runWithCustomDispatcher() /home/ubuntu/workspace/tasklist/vendor/laravel/framework/src/Illuminate/Routing/Route.php:134
[26-Aug-2017 17:16:05 Asia/Tokyo] PHP  41. Illuminate\Routing\ControllerDispatcher->dispatch() /home/ubuntu/workspace/tasklist/vendor/laravel/framework/src/Illuminate/Routing/Route.php:203
[26-Aug-2017 17:16:05 Asia/Tokyo] PHP  42. Illuminate\Routing\ControllerDispatcher->callWithinStack() /home/ubuntu/workspace/tasklist/vendor/laravel/framework/src/Illuminate/Routing/ControllerDispatcher.php:69
[26-Aug-2017 17:16:05 Asia/Tokyo] PHP  43. Illuminate\Pipeline\Pipeline->then() /home/ubuntu/workspace/tasklist/vendor/laravel/framework/src/Illuminate/Routing/ControllerDispatcher.php:114
[26-Aug-2017 17:16:05 Asia/Tokyo] PHP  44. call_user_func:{/home/ubuntu/workspace/tasklist/vendor/laravel/framework/src/Illuminate/Pipeline/Pipeline.php:103}() /home/ubuntu/workspace/tasklist/vendor/laravel/framework/src/Illuminate/Pipeline/Pipeline.php:103
[26-Aug-2017 17:16:05 Asia/Tokyo] PHP  45. Illuminate\Pipeline\Pipeline->Illuminate\Pipeline\{closure}() /home/ubuntu/workspace/tasklist/vendor/laravel/framework/src/Illuminate/Pipeline/Pipeline.php:103
[26-Aug-2017 17:16:05 Asia/Tokyo] PHP  46. call_user_func:{/home/ubuntu/workspace/tasklist/vendor/laravel/framework/src/Illuminate/Pipeline/Pipeline.php:139}() /home/ubuntu/workspace/tasklist/vendor/laravel/framework/src/Illuminate/Pipeline/Pipeline.php:139
[26-Aug-2017 17:16:05 Asia/Tokyo] PHP  47. Illuminate\Routing\ControllerDispatcher->Illuminate\Routing\{closure}() /home/ubuntu/workspace/tasklist/vendor/laravel/framework/src/Illuminate/Pipeline/Pipeline.php:139
[26-Aug-2017 17:16:05 Asia/Tokyo] PHP  48. Illuminate\Routing\ControllerDispatcher->call() /home/ubuntu/workspace/tasklist/vendor/laravel/framework/src/Illuminate/Routing/ControllerDispatcher.php:112
[26-Aug-2017 17:16:05 Asia/Tokyo] PHP  49. Illuminate\Routing\Controller->callAction() /home/ubuntu/workspace/tasklist/vendor/laravel/framework/src/Illuminate/Routing/ControllerDispatcher.php:164
[26-Aug-2017 17:16:05 Asia/Tokyo] PHP  50. call_user_func_array:{/home/ubuntu/workspace/tasklist/vendor/laravel/framework/src/Illuminate/Routing/Controller.php:256}() /home/ubuntu/workspace/tasklist/vendor/laravel/framework/src/Illuminate/Routing/Controller.php:256
[26-Aug-2017 17:16:05 Asia/Tokyo] PHP  51. App\Http\Controllers\TasksController->destroy() /home/ubuntu/workspace/tasklist/vendor/laravel/framework/src/Illuminate/Routing/Controller.php:256
